<?xml version="1.0" encoding="UTF-8"?>
<!-- Generated by org.testng.reporters.JUnitReportReporter -->
<testsuite hostname="LAPTOP-CAI5QJRR" failures="0" tests="2" name="qaclickacademy.MavenProject.SeleniumTest" time="0.000" errors="0" timestamp="28 Jun 2022 06:40:25 GMT" skipped="0">
  <testcase classname="qaclickacademy.MavenProject.SeleniumTest" name="BrowserAUtomation" time="0.000"/>
  <testcase classname="qaclickacademy.MavenProject.SeleniumTest" name="elementsUi" time="0.000"/>
</testsuite> <!-- qaclickacademy.MavenProject.SeleniumTest -->
