<?xml version="1.0" encoding="UTF-8"?>
<!-- Generated by org.testng.reporters.JUnitReportReporter -->
<testsuite hostname="LAPTOP-CAI5QJRR" failures="0" tests="1" name="qaclickacademy.MavenProject.AppTest" time="0.004" errors="0" timestamp="28 Jun 2022 06:40:25 GMT" skipped="0">
  <testcase classname="qaclickacademy.MavenProject.AppTest" name="shouldAnswerWithTrue" time="0.004"/>
</testsuite> <!-- qaclickacademy.MavenProject.AppTest -->
