<?xml version="1.0" encoding="UTF-8"?>
<!-- Generated by org.testng.reporters.JUnitReportReporter -->
<testsuite hostname="LAPTOP-CAI5QJRR" failures="0" tests="2" name="qaclickacademy.MavenProject.RestAPITest" time="0.010" errors="0" timestamp="24 Jun 2022 08:14:07 GMT" skipped="0">
  <testcase classname="qaclickacademy.MavenProject.RestAPITest" name="deleteTwitter" time="0.009"/>
  <testcase classname="qaclickacademy.MavenProject.RestAPITest" name="postJira" time="0.001"/>
</testsuite> <!-- qaclickacademy.MavenProject.RestAPITest -->
